Command line:
   maze_isim_beh.exe
     -simmode  gui
     -simrunnum  0
     -socket  23831

Fri Jan 19 11:10:54 2018


 Elaboration Time: 0.125 sec

 Current Memory Usage: 361.574 Meg

 Total Signals          : 17
 Total Nets             : 42
 Total Signal Drivers   : 10
 Total Blocks           : 2
 Total Primitive Blocks : 2
 Total Processes        : 13
 Total Traceable Variables  : 30
 Total Scalar Nets and Variables : 253
Total Line Count : 104

 Total Simulation Time: 0.203125 sec

 Current Memory Usage: 361.574 Meg

Fri Jan 19 11:11:09 2018

